<?xml version="1.0" encoding="UTF-8"?>
<!-- Generated by org.testng.reporters.JUnitReportReporter -->
<testsuite hostname="LAPTOP-69PVCUGI" name="MainPage.testBase" tests="1" failures="0" timestamp="14 Jun 2019 17:39:18 GMT" time="6.939" errors="0">
  <testcase name="login" time="6.939" classname="MainPage.testBase"/>
</testsuite> <!-- MainPage.testBase -->
