<?xml version="1.0" encoding="UTF-8"?>
<!-- Generated by org.testng.reporters.JUnitReportReporter -->
<testsuite hostname="LAPTOP-69PVCUGI" name="MainPage.GUI" tests="1" failures="0" timestamp="21 May 2019 01:53:27 GMT" time="9.445" errors="0">
  <testcase name="TC10" time="9.445" classname="MainPage.GUI"/>
</testsuite> <!-- MainPage.GUI -->
