<?xml version="1.0" encoding="UTF-8"?>
<!-- Generated by org.testng.reporters.JUnitReportReporter -->
<testsuite hostname="LAPTOP-69PVCUGI" name="MainPage.Registration" tests="2" failures="0" timestamp="21 May 2019 01:46:08 GMT" time="18.350" errors="0">
  <testcase name="registration" time="8.424" classname="MainPage.Registration"/>
  <testcase name="registration" time="9.926" classname="MainPage.Registration"/>
</testsuite> <!-- MainPage.Registration -->
