<?xml version="1.0" encoding="UTF-8"?>
<!-- Generated by org.testng.reporters.JUnitReportReporter -->
<testsuite hostname="LAPTOP-69PVCUGI" name="MainPage.SoftAssert" tests="1" failures="0" timestamp="19 Jun 2019 16:16:01 GMT" time="5.411" errors="0">
  <testcase name="demo" time="5.411" classname="MainPage.SoftAssert"/>
</testsuite> <!-- MainPage.SoftAssert -->
