<?xml version="1.0" encoding="UTF-8"?>
<!-- Generated by org.testng.reporters.JUnitReportReporter -->
<testsuite hostname="LAPTOP-69PVCUGI" name="MainPage.New" tests="1" failures="0" timestamp="23 May 2019 17:11:29 GMT" time="21.920" errors="0">
  <testcase name="next2" time="21.920" classname="MainPage.New"/>
</testsuite> <!-- MainPage.New -->
