<?xml version="1.0" encoding="UTF-8"?>
<!-- Generated by org.testng.reporters.JUnitReportReporter -->
<testsuite hostname="LAPTOP-69PVCUGI" name="MainPage.Inheritance" tests="3" failures="0" timestamp="23 May 2019 16:03:40 GMT" time="22.471" errors="0">
  <testcase name="registration" time="8.115" classname="MainPage.Inheritance"/>
  <testcase name="demo" time="7.458" classname="MainPage.Inheritance"/>
  <testcase name="next" time="6.898" classname="MainPage.Inheritance"/>
</testsuite> <!-- MainPage.Inheritance -->
