<?xml version="1.0" encoding="UTF-8"?>
<!-- Generated by org.testng.reporters.JUnitReportReporter -->
<testsuite hostname="LAPTOP-69PVCUGI" name="MainPage.Login" tests="1" failures="0" timestamp="23 May 2019 20:25:09 GMT" time="14.674" errors="0">
  <testcase name="skipConnections" time="14.674" classname="MainPage.Login"/>
</testsuite> <!-- MainPage.Login -->
