<?xml version="1.0" encoding="UTF-8"?>
<!-- Generated by org.testng.reporters.JUnitReportReporter -->
<testsuite hostname="LAPTOP-69PVCUGI" name="MainPage.prop" tests="2" failures="0" timestamp="23 May 2019 16:07:50 GMT" time="18.440" errors="0">
  <testcase name="next" time="10.308" classname="MainPage.prop"/>
  <testcase name="registration" time="8.132" classname="MainPage.prop"/>
</testsuite> <!-- MainPage.prop -->
